2024-03-20 17:32:27.739 [INFO ] [background-preinit] [o.h.v.internal.util.Version   ] - [<clinit>,21] - HV000001: Hibernate Validator 8.0.1.Final
2024-03-20 17:32:27.751 [INFO ] [restartedMain] [com.cc.serve.ServeApplication ] - [logStarting,50] - Starting ServeApplication using Java 21.0.2 with PID 21848 (/Users/huangchao/WorkSpace/My/java-serve/target/classes started by huangchao in /Users/huangchao/WorkSpace/My/java-serve)
2024-03-20 17:32:27.751 [INFO ] [restartedMain] [com.cc.serve.ServeApplication ] - [logStartupProfileInfo,660] - The following 1 profile is active: "dev"
2024-03-20 17:32:27.767 [INFO ] [restartedMain] [o.s.b.d.restart.ChangeableUrls] - [logTo,252] - The Class-Path manifest attribute in /Users/huangchao/.m2/repository/com/oracle/database/jdbc/ojdbc8/21.9.0.0/ojdbc8-21.9.0.0.jar referenced one or more files that do not exist: file:/Users/huangchao/.m2/repository/com/oracle/database/jdbc/ojdbc8/21.9.0.0/oraclepki.jar
2024-03-20 17:32:27.768 [INFO ] [restartedMain] [o.s.b.d.restart.ChangeableUrls] - [logTo,252] - The Class-Path manifest attribute in /Users/huangchao/.m2/repository/com/sun/xml/bind/jaxb-core/4.0.4/jaxb-core-4.0.4.jar referenced one or more files that do not exist: file:/Users/huangchao/.m2/repository/com/sun/xml/bind/jaxb-core/4.0.4/jakarta.activation-api.jar,file:/Users/huangchao/.m2/repository/com/sun/xml/bind/jaxb-core/4.0.4/jakarta.xml.bind-api.jar
2024-03-20 17:32:27.768 [INFO ] [restartedMain] [o.s.b.d.restart.ChangeableUrls] - [logTo,252] - The Class-Path manifest attribute in /Users/huangchao/.m2/repository/com/sun/xml/bind/jaxb-impl/4.0.4/jaxb-impl-4.0.4.jar referenced one or more files that do not exist: file:/Users/huangchao/.m2/repository/com/sun/xml/bind/jaxb-impl/4.0.4/jaxb-core.jar,file:/Users/huangchao/.m2/repository/com/sun/xml/bind/jaxb-impl/4.0.4/angus-activation.jar
2024-03-20 17:32:27.768 [INFO ] [restartedMain] [sPropertyDefaultsPostProcessor] - [logTo,252] - Devtools property defaults active! Set 'spring.devtools.add-properties' to 'false' to disable
2024-03-20 17:32:27.768 [INFO ] [restartedMain] [sPropertyDefaultsPostProcessor] - [logTo,252] - For additional web related logging consider setting the 'logging.level.web' property to 'DEBUG'
2024-03-20 17:32:28.410 [INFO ] [restartedMain] [o.s.b.w.e.t.TomcatWebServer   ] - [initialize,109] - Tomcat initialized with port 8080 (http)
2024-03-20 17:32:28.420 [INFO ] [restartedMain] [o.a.c.http11.Http11NioProtocol] - [log,173] - Initializing ProtocolHandler ["http-nio-8080"]
2024-03-20 17:32:28.421 [INFO ] [restartedMain] [o.a.c.core.StandardService    ] - [log,173] - Starting service [Tomcat]
2024-03-20 17:32:28.421 [INFO ] [restartedMain] [o.a.c.core.StandardEngine     ] - [log,173] - Starting Servlet engine: [Apache Tomcat/10.1.19]
2024-03-20 17:32:28.451 [INFO ] [restartedMain] [o.a.c.c.C.[.[localhost].[/]   ] - [log,173] - Initializing Spring embedded WebApplicationContext
2024-03-20 17:32:28.452 [INFO ] [restartedMain] [letWebServerApplicationContext] - [prepareWebApplicationContext,296] - Root WebApplicationContext: initialization completed in 684 ms
2024-03-20 17:32:29.070 [INFO ] [restartedMain] [o.q.impl.StdSchedulerFactory  ] - [instantiate,1220] - Using default implementation for ThreadExecutor
2024-03-20 17:32:29.075 [INFO ] [restartedMain] [o.q.core.SchedulerSignalerImpl] - [<init>,61] - Initialized Scheduler Signaller of type: class org.quartz.core.SchedulerSignalerImpl
2024-03-20 17:32:29.075 [INFO ] [restartedMain] [o.quartz.core.QuartzScheduler ] - [<init>,229] - Quartz Scheduler v.2.3.2 created.
2024-03-20 17:32:29.075 [INFO ] [restartedMain] [org.quartz.simpl.RAMJobStore  ] - [initialize,155] - RAMJobStore initialized.
2024-03-20 17:32:29.075 [INFO ] [restartedMain] [o.quartz.core.QuartzScheduler ] - [initialize,294] - Scheduler meta-data: Quartz Scheduler (v2.3.2) 'quartzScheduler' with instanceId 'NON_CLUSTERED'
  Scheduler class: 'org.quartz.core.QuartzScheduler' - running locally.
  NOT STARTED.
  Currently in standby mode.
  Number of jobs executed: 0
  Using thread pool 'org.quartz.simpl.SimpleThreadPool' - with 10 threads.
  Using job-store 'org.quartz.simpl.RAMJobStore' - which does not support persistence. and is not clustered.

2024-03-20 17:32:29.075 [INFO ] [restartedMain] [o.q.impl.StdSchedulerFactory  ] - [instantiate,1374] - Quartz scheduler 'quartzScheduler' initialized from an externally provided properties instance.
2024-03-20 17:32:29.075 [INFO ] [restartedMain] [o.q.impl.StdSchedulerFactory  ] - [instantiate,1378] - Quartz scheduler version: 2.3.2
2024-03-20 17:32:29.075 [INFO ] [restartedMain] [o.quartz.core.QuartzScheduler ] - [setJobFactory,2293] - JobFactory set to: org.springframework.scheduling.quartz.SpringBeanJobFactory@469ec4cd
2024-03-20 17:32:29.155 [INFO ] [restartedMain] [b.d.a.OptionalLiveReloadServer] - [startServer,59] - LiveReload server is running on port 35729
2024-03-20 17:32:29.181 [INFO ] [restartedMain] [o.a.c.http11.Http11NioProtocol] - [log,173] - Starting ProtocolHandler ["http-nio-8080"]
2024-03-20 17:32:29.199 [INFO ] [restartedMain] [o.s.b.w.e.t.TomcatWebServer   ] - [start,241] - Tomcat started on port 8080 (http) with context path ''
2024-03-20 17:32:29.200 [INFO ] [restartedMain] [o.quartz.core.QuartzScheduler ] - [start,547] - Scheduler quartzScheduler_$_NON_CLUSTERED started.
2024-03-20 17:32:29.212 [INFO ] [restartedMain] [com.cc.serve.ServeApplication ] - [logStarted,56] - Started ServeApplication in 1.669 seconds (process running for 1.956)
2024-03-20 17:32:41.826 [INFO ] [SpringApplicationShutdownHook] [o.quartz.core.QuartzScheduler ] - [standby,585] - Scheduler quartzScheduler_$_NON_CLUSTERED paused.
2024-03-20 17:33:08.257 [INFO ] [background-preinit] [o.h.v.internal.util.Version   ] - [<clinit>,21] - HV000001: Hibernate Validator 8.0.1.Final
2024-03-20 17:33:08.268 [INFO ] [restartedMain] [com.cc.serve.ServeApplication ] - [logStarting,50] - Starting ServeApplication using Java 21.0.2 with PID 22790 (/Users/huangchao/WorkSpace/My/java-serve/target/classes started by huangchao in /Users/huangchao/WorkSpace/My/java-serve)
2024-03-20 17:33:08.268 [INFO ] [restartedMain] [com.cc.serve.ServeApplication ] - [logStartupProfileInfo,660] - The following 1 profile is active: "dev"
2024-03-20 17:33:08.285 [INFO ] [restartedMain] [o.s.b.d.restart.ChangeableUrls] - [logTo,252] - The Class-Path manifest attribute in /Users/huangchao/.m2/repository/com/oracle/database/jdbc/ojdbc8/21.9.0.0/ojdbc8-21.9.0.0.jar referenced one or more files that do not exist: file:/Users/huangchao/.m2/repository/com/oracle/database/jdbc/ojdbc8/21.9.0.0/oraclepki.jar
2024-03-20 17:33:08.285 [INFO ] [restartedMain] [o.s.b.d.restart.ChangeableUrls] - [logTo,252] - The Class-Path manifest attribute in /Users/huangchao/.m2/repository/com/sun/xml/bind/jaxb-core/4.0.4/jaxb-core-4.0.4.jar referenced one or more files that do not exist: file:/Users/huangchao/.m2/repository/com/sun/xml/bind/jaxb-core/4.0.4/jakarta.activation-api.jar,file:/Users/huangchao/.m2/repository/com/sun/xml/bind/jaxb-core/4.0.4/jakarta.xml.bind-api.jar
2024-03-20 17:33:08.285 [INFO ] [restartedMain] [o.s.b.d.restart.ChangeableUrls] - [logTo,252] - The Class-Path manifest attribute in /Users/huangchao/.m2/repository/com/sun/xml/bind/jaxb-impl/4.0.4/jaxb-impl-4.0.4.jar referenced one or more files that do not exist: file:/Users/huangchao/.m2/repository/com/sun/xml/bind/jaxb-impl/4.0.4/jaxb-core.jar,file:/Users/huangchao/.m2/repository/com/sun/xml/bind/jaxb-impl/4.0.4/angus-activation.jar
2024-03-20 17:33:08.285 [INFO ] [restartedMain] [sPropertyDefaultsPostProcessor] - [logTo,252] - Devtools property defaults active! Set 'spring.devtools.add-properties' to 'false' to disable
2024-03-20 17:33:08.285 [INFO ] [restartedMain] [sPropertyDefaultsPostProcessor] - [logTo,252] - For additional web related logging consider setting the 'logging.level.web' property to 'DEBUG'
2024-03-20 17:33:08.934 [INFO ] [restartedMain] [o.s.b.w.e.t.TomcatWebServer   ] - [initialize,109] - Tomcat initialized with port 8080 (http)
2024-03-20 17:33:08.945 [INFO ] [restartedMain] [o.a.c.http11.Http11NioProtocol] - [log,173] - Initializing ProtocolHandler ["http-nio-8080"]
2024-03-20 17:33:08.946 [INFO ] [restartedMain] [o.a.c.core.StandardService    ] - [log,173] - Starting service [Tomcat]
2024-03-20 17:33:08.947 [INFO ] [restartedMain] [o.a.c.core.StandardEngine     ] - [log,173] - Starting Servlet engine: [Apache Tomcat/10.1.19]
2024-03-20 17:33:08.978 [INFO ] [restartedMain] [o.a.c.c.C.[.[localhost].[/]   ] - [log,173] - Initializing Spring embedded WebApplicationContext
2024-03-20 17:33:08.978 [INFO ] [restartedMain] [letWebServerApplicationContext] - [prepareWebApplicationContext,296] - Root WebApplicationContext: initialization completed in 693 ms
2024-03-20 17:33:09.584 [INFO ] [restartedMain] [o.q.impl.StdSchedulerFactory  ] - [instantiate,1220] - Using default implementation for ThreadExecutor
2024-03-20 17:33:09.590 [INFO ] [restartedMain] [o.q.core.SchedulerSignalerImpl] - [<init>,61] - Initialized Scheduler Signaller of type: class org.quartz.core.SchedulerSignalerImpl
2024-03-20 17:33:09.590 [INFO ] [restartedMain] [o.quartz.core.QuartzScheduler ] - [<init>,229] - Quartz Scheduler v.2.3.2 created.
2024-03-20 17:33:09.590 [INFO ] [restartedMain] [org.quartz.simpl.RAMJobStore  ] - [initialize,155] - RAMJobStore initialized.
2024-03-20 17:33:09.591 [INFO ] [restartedMain] [o.quartz.core.QuartzScheduler ] - [initialize,294] - Scheduler meta-data: Quartz Scheduler (v2.3.2) 'quartzScheduler' with instanceId 'NON_CLUSTERED'
  Scheduler class: 'org.quartz.core.QuartzScheduler' - running locally.
  NOT STARTED.
  Currently in standby mode.
  Number of jobs executed: 0
  Using thread pool 'org.quartz.simpl.SimpleThreadPool' - with 10 threads.
  Using job-store 'org.quartz.simpl.RAMJobStore' - which does not support persistence. and is not clustered.

2024-03-20 17:33:09.591 [INFO ] [restartedMain] [o.q.impl.StdSchedulerFactory  ] - [instantiate,1374] - Quartz scheduler 'quartzScheduler' initialized from an externally provided properties instance.
2024-03-20 17:33:09.591 [INFO ] [restartedMain] [o.q.impl.StdSchedulerFactory  ] - [instantiate,1378] - Quartz scheduler version: 2.3.2
2024-03-20 17:33:09.591 [INFO ] [restartedMain] [o.quartz.core.QuartzScheduler ] - [setJobFactory,2293] - JobFactory set to: org.springframework.scheduling.quartz.SpringBeanJobFactory@52a5d81a
2024-03-20 17:33:09.670 [INFO ] [restartedMain] [b.d.a.OptionalLiveReloadServer] - [startServer,59] - LiveReload server is running on port 35729
2024-03-20 17:33:09.694 [INFO ] [restartedMain] [o.a.c.http11.Http11NioProtocol] - [log,173] - Starting ProtocolHandler ["http-nio-8080"]
2024-03-20 17:33:09.711 [INFO ] [restartedMain] [o.s.b.w.e.t.TomcatWebServer   ] - [start,241] - Tomcat started on port 8080 (http) with context path ''
2024-03-20 17:33:09.712 [INFO ] [restartedMain] [o.quartz.core.QuartzScheduler ] - [start,547] - Scheduler quartzScheduler_$_NON_CLUSTERED started.
2024-03-20 17:33:09.723 [INFO ] [restartedMain] [com.cc.serve.ServeApplication ] - [logStarted,56] - Started ServeApplication in 1.662 seconds (process running for 1.95)
2024-03-20 17:34:10.586 [INFO ] [File Watcher] [PathChangeChangedEventListener] - [onApplicationEvent,211] - Restarting due to 1 class path change (0 additions, 0 deletions, 1 modification)
2024-03-20 17:34:10.605 [INFO ] [Thread-5] [o.quartz.core.QuartzScheduler ] - [standby,585] - Scheduler quartzScheduler_$_NON_CLUSTERED paused.
2024-03-20 17:34:10.606 [INFO ] [Thread-5] [o.a.c.http11.Http11NioProtocol] - [log,173] - Stopping ProtocolHandler ["http-nio-8080"]
2024-03-20 17:34:21.646 [INFO ] [Thread-5] [o.quartz.core.QuartzScheduler ] - [shutdown,666] - Scheduler quartzScheduler_$_NON_CLUSTERED shutting down.
2024-03-20 17:34:21.647 [INFO ] [Thread-5] [o.quartz.core.QuartzScheduler ] - [standby,585] - Scheduler quartzScheduler_$_NON_CLUSTERED paused.
2024-03-20 17:34:21.647 [INFO ] [Thread-5] [o.quartz.core.QuartzScheduler ] - [shutdown,740] - Scheduler quartzScheduler_$_NON_CLUSTERED shutdown complete.
2024-03-20 17:34:21.757 [INFO ] [restartedMain] [com.cc.serve.ServeApplication ] - [logStarting,50] - Starting ServeApplication using Java 21.0.2 with PID 22790 (/Users/huangchao/WorkSpace/My/java-serve/target/classes started by huangchao in /Users/huangchao/WorkSpace/My/java-serve)
2024-03-20 17:34:21.757 [INFO ] [restartedMain] [com.cc.serve.ServeApplication ] - [logStartupProfileInfo,660] - The following 1 profile is active: "dev"
2024-03-20 17:34:21.902 [INFO ] [restartedMain] [o.s.b.w.e.t.TomcatWebServer   ] - [initialize,109] - Tomcat initialized with port 8080 (http)
2024-03-20 17:34:21.903 [INFO ] [restartedMain] [o.a.c.http11.Http11NioProtocol] - [log,173] - Initializing ProtocolHandler ["http-nio-8080"]
2024-03-20 17:34:21.903 [INFO ] [restartedMain] [o.a.c.core.StandardService    ] - [log,173] - Starting service [Tomcat]
2024-03-20 17:34:21.903 [INFO ] [restartedMain] [o.a.c.core.StandardEngine     ] - [log,173] - Starting Servlet engine: [Apache Tomcat/10.1.19]
2024-03-20 17:34:21.910 [INFO ] [restartedMain] [o.a.c.c.C.[.[localhost].[/]   ] - [log,173] - Initializing Spring embedded WebApplicationContext
2024-03-20 17:34:21.910 [INFO ] [restartedMain] [letWebServerApplicationContext] - [prepareWebApplicationContext,296] - Root WebApplicationContext: initialization completed in 152 ms
2024-03-20 17:34:22.083 [INFO ] [restartedMain] [o.q.impl.StdSchedulerFactory  ] - [instantiate,1220] - Using default implementation for ThreadExecutor
2024-03-20 17:34:22.084 [INFO ] [restartedMain] [o.q.core.SchedulerSignalerImpl] - [<init>,61] - Initialized Scheduler Signaller of type: class org.quartz.core.SchedulerSignalerImpl
2024-03-20 17:34:22.084 [INFO ] [restartedMain] [o.quartz.core.QuartzScheduler ] - [<init>,229] - Quartz Scheduler v.2.3.2 created.
2024-03-20 17:34:22.084 [INFO ] [restartedMain] [org.quartz.simpl.RAMJobStore  ] - [initialize,155] - RAMJobStore initialized.
2024-03-20 17:34:22.084 [INFO ] [restartedMain] [o.quartz.core.QuartzScheduler ] - [initialize,294] - Scheduler meta-data: Quartz Scheduler (v2.3.2) 'quartzScheduler' with instanceId 'NON_CLUSTERED'
  Scheduler class: 'org.quartz.core.QuartzScheduler' - running locally.
  NOT STARTED.
  Currently in standby mode.
  Number of jobs executed: 0
  Using thread pool 'org.quartz.simpl.SimpleThreadPool' - with 10 threads.
  Using job-store 'org.quartz.simpl.RAMJobStore' - which does not support persistence. and is not clustered.

2024-03-20 17:34:22.084 [INFO ] [restartedMain] [o.q.impl.StdSchedulerFactory  ] - [instantiate,1374] - Quartz scheduler 'quartzScheduler' initialized from an externally provided properties instance.
2024-03-20 17:34:22.084 [INFO ] [restartedMain] [o.q.impl.StdSchedulerFactory  ] - [instantiate,1378] - Quartz scheduler version: 2.3.2
2024-03-20 17:34:22.084 [INFO ] [restartedMain] [o.quartz.core.QuartzScheduler ] - [setJobFactory,2293] - JobFactory set to: org.springframework.scheduling.quartz.SpringBeanJobFactory@66c274a6
2024-03-20 17:34:22.106 [INFO ] [restartedMain] [b.d.a.OptionalLiveReloadServer] - [startServer,59] - LiveReload server is running on port 35729
2024-03-20 17:34:22.119 [INFO ] [restartedMain] [o.a.c.http11.Http11NioProtocol] - [log,173] - Starting ProtocolHandler ["http-nio-8080"]
2024-03-20 17:34:22.124 [INFO ] [restartedMain] [o.s.b.w.e.t.TomcatWebServer   ] - [start,241] - Tomcat started on port 8080 (http) with context path ''
2024-03-20 17:34:22.124 [INFO ] [restartedMain] [o.quartz.core.QuartzScheduler ] - [start,547] - Scheduler quartzScheduler_$_NON_CLUSTERED started.
2024-03-20 17:34:22.129 [INFO ] [restartedMain] [com.cc.serve.ServeApplication ] - [logStarted,56] - Started ServeApplication in 0.391 seconds (process running for 74.356)
2024-03-20 17:34:22.130 [INFO ] [restartedMain] [EvaluationDeltaLoggingListener] - [onApplicationEvent,63] - Condition evaluation unchanged
2024-03-20 17:34:47.707 [INFO ] [File Watcher] [PathChangeChangedEventListener] - [onApplicationEvent,211] - Restarting due to 1 class path change (0 additions, 0 deletions, 1 modification)
2024-03-20 17:34:47.709 [INFO ] [Thread-7] [o.quartz.core.QuartzScheduler ] - [standby,585] - Scheduler quartzScheduler_$_NON_CLUSTERED paused.
2024-03-20 17:34:47.709 [INFO ] [Thread-7] [o.a.c.http11.Http11NioProtocol] - [log,173] - Stopping ProtocolHandler ["http-nio-8080"]
2024-03-20 17:34:57.583 [INFO ] [Thread-7] [o.quartz.core.QuartzScheduler ] - [shutdown,666] - Scheduler quartzScheduler_$_NON_CLUSTERED shutting down.
2024-03-20 17:34:57.584 [INFO ] [Thread-7] [o.quartz.core.QuartzScheduler ] - [standby,585] - Scheduler quartzScheduler_$_NON_CLUSTERED paused.
2024-03-20 17:34:57.584 [INFO ] [Thread-7] [o.quartz.core.QuartzScheduler ] - [shutdown,740] - Scheduler quartzScheduler_$_NON_CLUSTERED shutdown complete.
2024-03-20 17:34:57.645 [INFO ] [restartedMain] [com.cc.serve.ServeApplication ] - [logStarting,50] - Starting ServeApplication using Java 21.0.2 with PID 22790 (/Users/huangchao/WorkSpace/My/java-serve/target/classes started by huangchao in /Users/huangchao/WorkSpace/My/java-serve)
2024-03-20 17:34:57.645 [INFO ] [restartedMain] [com.cc.serve.ServeApplication ] - [logStartupProfileInfo,660] - The following 1 profile is active: "dev"
2024-03-20 17:34:57.781 [INFO ] [restartedMain] [o.s.b.w.e.t.TomcatWebServer   ] - [initialize,109] - Tomcat initialized with port 8080 (http)
2024-03-20 17:34:57.781 [INFO ] [restartedMain] [o.a.c.http11.Http11NioProtocol] - [log,173] - Initializing ProtocolHandler ["http-nio-8080"]
2024-03-20 17:34:57.781 [INFO ] [restartedMain] [o.a.c.core.StandardService    ] - [log,173] - Starting service [Tomcat]
2024-03-20 17:34:57.781 [INFO ] [restartedMain] [o.a.c.core.StandardEngine     ] - [log,173] - Starting Servlet engine: [Apache Tomcat/10.1.19]
2024-03-20 17:34:57.789 [INFO ] [restartedMain] [o.a.c.c.C.[.[localhost].[/]   ] - [log,173] - Initializing Spring embedded WebApplicationContext
2024-03-20 17:34:57.789 [INFO ] [restartedMain] [letWebServerApplicationContext] - [prepareWebApplicationContext,296] - Root WebApplicationContext: initialization completed in 143 ms
2024-03-20 17:34:57.942 [INFO ] [restartedMain] [o.q.impl.StdSchedulerFactory  ] - [instantiate,1220] - Using default implementation for ThreadExecutor
2024-03-20 17:34:57.942 [INFO ] [restartedMain] [o.q.core.SchedulerSignalerImpl] - [<init>,61] - Initialized Scheduler Signaller of type: class org.quartz.core.SchedulerSignalerImpl
2024-03-20 17:34:57.942 [INFO ] [restartedMain] [o.quartz.core.QuartzScheduler ] - [<init>,229] - Quartz Scheduler v.2.3.2 created.
2024-03-20 17:34:57.942 [INFO ] [restartedMain] [org.quartz.simpl.RAMJobStore  ] - [initialize,155] - RAMJobStore initialized.
2024-03-20 17:34:57.942 [INFO ] [restartedMain] [o.quartz.core.QuartzScheduler ] - [initialize,294] - Scheduler meta-data: Quartz Scheduler (v2.3.2) 'quartzScheduler' with instanceId 'NON_CLUSTERED'
  Scheduler class: 'org.quartz.core.QuartzScheduler' - running locally.
  NOT STARTED.
  Currently in standby mode.
  Number of jobs executed: 0
  Using thread pool 'org.quartz.simpl.SimpleThreadPool' - with 10 threads.
  Using job-store 'org.quartz.simpl.RAMJobStore' - which does not support persistence. and is not clustered.

2024-03-20 17:34:57.942 [INFO ] [restartedMain] [o.q.impl.StdSchedulerFactory  ] - [instantiate,1374] - Quartz scheduler 'quartzScheduler' initialized from an externally provided properties instance.
2024-03-20 17:34:57.942 [INFO ] [restartedMain] [o.q.impl.StdSchedulerFactory  ] - [instantiate,1378] - Quartz scheduler version: 2.3.2
2024-03-20 17:34:57.942 [INFO ] [restartedMain] [o.quartz.core.QuartzScheduler ] - [setJobFactory,2293] - JobFactory set to: org.springframework.scheduling.quartz.SpringBeanJobFactory@3d11e259
2024-03-20 17:34:57.963 [INFO ] [restartedMain] [b.d.a.OptionalLiveReloadServer] - [startServer,59] - LiveReload server is running on port 35729
2024-03-20 17:34:57.975 [INFO ] [restartedMain] [o.a.c.http11.Http11NioProtocol] - [log,173] - Starting ProtocolHandler ["http-nio-8080"]
2024-03-20 17:34:57.979 [INFO ] [restartedMain] [o.s.b.w.e.t.TomcatWebServer   ] - [start,241] - Tomcat started on port 8080 (http) with context path ''
2024-03-20 17:34:57.979 [INFO ] [restartedMain] [o.quartz.core.QuartzScheduler ] - [start,547] - Scheduler quartzScheduler_$_NON_CLUSTERED started.
2024-03-20 17:34:57.984 [INFO ] [restartedMain] [com.cc.serve.ServeApplication ] - [logStarted,56] - Started ServeApplication in 0.357 seconds (process running for 110.211)
2024-03-20 17:34:57.985 [INFO ] [restartedMain] [EvaluationDeltaLoggingListener] - [onApplicationEvent,63] - Condition evaluation unchanged
2024-03-20 17:34:58.655 [INFO ] [http-nio-8080-exec-1] [o.a.c.c.C.[.[localhost].[/]   ] - [log,173] - Initializing Spring DispatcherServlet 'dispatcherServlet'
2024-03-20 17:34:58.655 [INFO ] [http-nio-8080-exec-1] [o.s.w.s.DispatcherServlet     ] - [initServletBean,532] - Initializing Servlet 'dispatcherServlet'
2024-03-20 17:34:58.656 [INFO ] [http-nio-8080-exec-1] [o.s.w.s.DispatcherServlet     ] - [initServletBean,554] - Completed initialization in 1 ms
2024-03-20 17:35:01.125 [INFO ] [SpringApplicationShutdownHook] [o.quartz.core.QuartzScheduler ] - [standby,585] - Scheduler quartzScheduler_$_NON_CLUSTERED paused.
2024-03-20 17:35:04.067 [INFO ] [background-preinit] [o.h.v.internal.util.Version   ] - [<clinit>,21] - HV000001: Hibernate Validator 8.0.1.Final
2024-03-20 17:35:04.078 [INFO ] [restartedMain] [com.cc.serve.ServeApplication ] - [logStarting,50] - Starting ServeApplication using Java 21.0.2 with PID 25505 (/Users/huangchao/WorkSpace/My/java-serve/target/classes started by huangchao in /Users/huangchao/WorkSpace/My/java-serve)
2024-03-20 17:35:04.079 [INFO ] [restartedMain] [com.cc.serve.ServeApplication ] - [logStartupProfileInfo,660] - The following 1 profile is active: "dev"
2024-03-20 17:35:04.096 [INFO ] [restartedMain] [o.s.b.d.restart.ChangeableUrls] - [logTo,252] - The Class-Path manifest attribute in /Users/huangchao/.m2/repository/com/oracle/database/jdbc/ojdbc8/21.9.0.0/ojdbc8-21.9.0.0.jar referenced one or more files that do not exist: file:/Users/huangchao/.m2/repository/com/oracle/database/jdbc/ojdbc8/21.9.0.0/oraclepki.jar
2024-03-20 17:35:04.096 [INFO ] [restartedMain] [o.s.b.d.restart.ChangeableUrls] - [logTo,252] - The Class-Path manifest attribute in /Users/huangchao/.m2/repository/com/sun/xml/bind/jaxb-core/4.0.4/jaxb-core-4.0.4.jar referenced one or more files that do not exist: file:/Users/huangchao/.m2/repository/com/sun/xml/bind/jaxb-core/4.0.4/jakarta.activation-api.jar,file:/Users/huangchao/.m2/repository/com/sun/xml/bind/jaxb-core/4.0.4/jakarta.xml.bind-api.jar
2024-03-20 17:35:04.096 [INFO ] [restartedMain] [o.s.b.d.restart.ChangeableUrls] - [logTo,252] - The Class-Path manifest attribute in /Users/huangchao/.m2/repository/com/sun/xml/bind/jaxb-impl/4.0.4/jaxb-impl-4.0.4.jar referenced one or more files that do not exist: file:/Users/huangchao/.m2/repository/com/sun/xml/bind/jaxb-impl/4.0.4/jaxb-core.jar,file:/Users/huangchao/.m2/repository/com/sun/xml/bind/jaxb-impl/4.0.4/angus-activation.jar
2024-03-20 17:35:04.097 [INFO ] [restartedMain] [sPropertyDefaultsPostProcessor] - [logTo,252] - Devtools property defaults active! Set 'spring.devtools.add-properties' to 'false' to disable
2024-03-20 17:35:04.097 [INFO ] [restartedMain] [sPropertyDefaultsPostProcessor] - [logTo,252] - For additional web related logging consider setting the 'logging.level.web' property to 'DEBUG'
2024-03-20 17:35:04.788 [INFO ] [restartedMain] [o.s.b.w.e.t.TomcatWebServer   ] - [initialize,109] - Tomcat initialized with port 8080 (http)
2024-03-20 17:35:04.795 [INFO ] [restartedMain] [o.a.c.http11.Http11NioProtocol] - [log,173] - Initializing ProtocolHandler ["http-nio-8080"]
2024-03-20 17:35:04.795 [INFO ] [restartedMain] [o.a.c.core.StandardService    ] - [log,173] - Starting service [Tomcat]
2024-03-20 17:35:04.796 [INFO ] [restartedMain] [o.a.c.core.StandardEngine     ] - [log,173] - Starting Servlet engine: [Apache Tomcat/10.1.19]
2024-03-20 17:35:04.822 [INFO ] [restartedMain] [o.a.c.c.C.[.[localhost].[/]   ] - [log,173] - Initializing Spring embedded WebApplicationContext
2024-03-20 17:35:04.823 [INFO ] [restartedMain] [letWebServerApplicationContext] - [prepareWebApplicationContext,296] - Root WebApplicationContext: initialization completed in 726 ms
2024-03-20 17:35:05.449 [INFO ] [restartedMain] [o.q.impl.StdSchedulerFactory  ] - [instantiate,1220] - Using default implementation for ThreadExecutor
2024-03-20 17:35:05.454 [INFO ] [restartedMain] [o.q.core.SchedulerSignalerImpl] - [<init>,61] - Initialized Scheduler Signaller of type: class org.quartz.core.SchedulerSignalerImpl
2024-03-20 17:35:05.454 [INFO ] [restartedMain] [o.quartz.core.QuartzScheduler ] - [<init>,229] - Quartz Scheduler v.2.3.2 created.
2024-03-20 17:35:05.454 [INFO ] [restartedMain] [org.quartz.simpl.RAMJobStore  ] - [initialize,155] - RAMJobStore initialized.
2024-03-20 17:35:05.455 [INFO ] [restartedMain] [o.quartz.core.QuartzScheduler ] - [initialize,294] - Scheduler meta-data: Quartz Scheduler (v2.3.2) 'quartzScheduler' with instanceId 'NON_CLUSTERED'
  Scheduler class: 'org.quartz.core.QuartzScheduler' - running locally.
  NOT STARTED.
  Currently in standby mode.
  Number of jobs executed: 0
  Using thread pool 'org.quartz.simpl.SimpleThreadPool' - with 10 threads.
  Using job-store 'org.quartz.simpl.RAMJobStore' - which does not support persistence. and is not clustered.

2024-03-20 17:35:05.455 [INFO ] [restartedMain] [o.q.impl.StdSchedulerFactory  ] - [instantiate,1374] - Quartz scheduler 'quartzScheduler' initialized from an externally provided properties instance.
2024-03-20 17:35:05.455 [INFO ] [restartedMain] [o.q.impl.StdSchedulerFactory  ] - [instantiate,1378] - Quartz scheduler version: 2.3.2
2024-03-20 17:35:05.455 [INFO ] [restartedMain] [o.quartz.core.QuartzScheduler ] - [setJobFactory,2293] - JobFactory set to: org.springframework.scheduling.quartz.SpringBeanJobFactory@649d3c5f
2024-03-20 17:35:05.532 [INFO ] [restartedMain] [b.d.a.OptionalLiveReloadServer] - [startServer,59] - LiveReload server is running on port 35729
2024-03-20 17:35:05.556 [INFO ] [restartedMain] [o.a.c.http11.Http11NioProtocol] - [log,173] - Starting ProtocolHandler ["http-nio-8080"]
2024-03-20 17:35:05.579 [INFO ] [restartedMain] [o.s.b.w.e.t.TomcatWebServer   ] - [start,241] - Tomcat started on port 8080 (http) with context path ''
2024-03-20 17:35:05.581 [INFO ] [restartedMain] [o.quartz.core.QuartzScheduler ] - [start,547] - Scheduler quartzScheduler_$_NON_CLUSTERED started.
2024-03-20 17:35:05.597 [INFO ] [restartedMain] [com.cc.serve.ServeApplication ] - [logStarted,56] - Started ServeApplication in 1.74 seconds (process running for 2.043)
2024-03-20 17:35:36.394 [INFO ] [http-nio-8080-exec-1] [o.a.c.c.C.[.[localhost].[/]   ] - [log,173] - Initializing Spring DispatcherServlet 'dispatcherServlet'
2024-03-20 17:35:36.395 [INFO ] [http-nio-8080-exec-1] [o.s.w.s.DispatcherServlet     ] - [initServletBean,532] - Initializing Servlet 'dispatcherServlet'
2024-03-20 17:35:36.398 [INFO ] [http-nio-8080-exec-1] [o.s.w.s.DispatcherServlet     ] - [initServletBean,554] - Completed initialization in 3 ms
2024-03-20 17:37:06.916 [INFO ] [http-nio-8080-exec-15] [c.c.s.c.TestController        ] - [testSetting,21] - jdbc:mysql://localhost:3306/serve?useUnicode=true&characterEncoding=utf8&zeroDateTimeBehavior=convertToNull&useSSL=true&serverTimezone=GMT%2B8
2024-03-20 17:42:24.099 [INFO ] [SpringApplicationShutdownHook] [o.quartz.core.QuartzScheduler ] - [standby,585] - Scheduler quartzScheduler_$_NON_CLUSTERED paused.
2024-03-20 17:42:35.136 [INFO ] [SpringApplicationShutdownHook] [o.quartz.core.QuartzScheduler ] - [shutdown,666] - Scheduler quartzScheduler_$_NON_CLUSTERED shutting down.
2024-03-20 17:42:35.136 [INFO ] [SpringApplicationShutdownHook] [o.quartz.core.QuartzScheduler ] - [standby,585] - Scheduler quartzScheduler_$_NON_CLUSTERED paused.
2024-03-20 17:42:35.136 [INFO ] [SpringApplicationShutdownHook] [o.quartz.core.QuartzScheduler ] - [shutdown,740] - Scheduler quartzScheduler_$_NON_CLUSTERED shutdown complete.
2024-03-20 17:42:36.931 [INFO ] [background-preinit] [o.h.v.internal.util.Version   ] - [<clinit>,21] - HV000001: Hibernate Validator 8.0.1.Final
2024-03-20 17:42:36.942 [INFO ] [restartedMain] [com.cc.serve.ServeApplication ] - [logStarting,50] - Starting ServeApplication using Java 21.0.2 with PID 36123 (/Users/huangchao/WorkSpace/My/java-serve/target/classes started by huangchao in /Users/huangchao/WorkSpace/My/java-serve)
2024-03-20 17:42:36.943 [INFO ] [restartedMain] [com.cc.serve.ServeApplication ] - [logStartupProfileInfo,660] - The following 1 profile is active: "dev"
2024-03-20 17:42:36.959 [INFO ] [restartedMain] [o.s.b.d.restart.ChangeableUrls] - [logTo,252] - The Class-Path manifest attribute in /Users/huangchao/.m2/repository/com/oracle/database/jdbc/ojdbc8/21.9.0.0/ojdbc8-21.9.0.0.jar referenced one or more files that do not exist: file:/Users/huangchao/.m2/repository/com/oracle/database/jdbc/ojdbc8/21.9.0.0/oraclepki.jar
2024-03-20 17:42:36.960 [INFO ] [restartedMain] [o.s.b.d.restart.ChangeableUrls] - [logTo,252] - The Class-Path manifest attribute in /Users/huangchao/.m2/repository/com/sun/xml/bind/jaxb-core/4.0.4/jaxb-core-4.0.4.jar referenced one or more files that do not exist: file:/Users/huangchao/.m2/repository/com/sun/xml/bind/jaxb-core/4.0.4/jakarta.activation-api.jar,file:/Users/huangchao/.m2/repository/com/sun/xml/bind/jaxb-core/4.0.4/jakarta.xml.bind-api.jar
2024-03-20 17:42:36.960 [INFO ] [restartedMain] [o.s.b.d.restart.ChangeableUrls] - [logTo,252] - The Class-Path manifest attribute in /Users/huangchao/.m2/repository/com/sun/xml/bind/jaxb-impl/4.0.4/jaxb-impl-4.0.4.jar referenced one or more files that do not exist: file:/Users/huangchao/.m2/repository/com/sun/xml/bind/jaxb-impl/4.0.4/jaxb-core.jar,file:/Users/huangchao/.m2/repository/com/sun/xml/bind/jaxb-impl/4.0.4/angus-activation.jar
2024-03-20 17:42:36.960 [INFO ] [restartedMain] [sPropertyDefaultsPostProcessor] - [logTo,252] - Devtools property defaults active! Set 'spring.devtools.add-properties' to 'false' to disable
2024-03-20 17:42:36.960 [INFO ] [restartedMain] [sPropertyDefaultsPostProcessor] - [logTo,252] - For additional web related logging consider setting the 'logging.level.web' property to 'DEBUG'
2024-03-20 17:42:37.629 [INFO ] [restartedMain] [o.s.b.w.e.t.TomcatWebServer   ] - [initialize,109] - Tomcat initialized with port 8080 (http)
2024-03-20 17:42:37.635 [INFO ] [restartedMain] [o.a.c.http11.Http11NioProtocol] - [log,173] - Initializing ProtocolHandler ["http-nio-8080"]
2024-03-20 17:42:37.636 [INFO ] [restartedMain] [o.a.c.core.StandardService    ] - [log,173] - Starting service [Tomcat]
2024-03-20 17:42:37.636 [INFO ] [restartedMain] [o.a.c.core.StandardEngine     ] - [log,173] - Starting Servlet engine: [Apache Tomcat/10.1.19]
2024-03-20 17:42:37.672 [INFO ] [restartedMain] [o.a.c.c.C.[.[localhost].[/]   ] - [log,173] - Initializing Spring embedded WebApplicationContext
2024-03-20 17:42:37.673 [INFO ] [restartedMain] [letWebServerApplicationContext] - [prepareWebApplicationContext,296] - Root WebApplicationContext: initialization completed in 713 ms
2024-03-20 17:42:38.303 [INFO ] [restartedMain] [o.q.impl.StdSchedulerFactory  ] - [instantiate,1220] - Using default implementation for ThreadExecutor
2024-03-20 17:42:38.308 [INFO ] [restartedMain] [o.q.core.SchedulerSignalerImpl] - [<init>,61] - Initialized Scheduler Signaller of type: class org.quartz.core.SchedulerSignalerImpl
2024-03-20 17:42:38.308 [INFO ] [restartedMain] [o.quartz.core.QuartzScheduler ] - [<init>,229] - Quartz Scheduler v.2.3.2 created.
2024-03-20 17:42:38.308 [INFO ] [restartedMain] [org.quartz.simpl.RAMJobStore  ] - [initialize,155] - RAMJobStore initialized.
2024-03-20 17:42:38.308 [INFO ] [restartedMain] [o.quartz.core.QuartzScheduler ] - [initialize,294] - Scheduler meta-data: Quartz Scheduler (v2.3.2) 'quartzScheduler' with instanceId 'NON_CLUSTERED'
  Scheduler class: 'org.quartz.core.QuartzScheduler' - running locally.
  NOT STARTED.
  Currently in standby mode.
  Number of jobs executed: 0
  Using thread pool 'org.quartz.simpl.SimpleThreadPool' - with 10 threads.
  Using job-store 'org.quartz.simpl.RAMJobStore' - which does not support persistence. and is not clustered.

2024-03-20 17:42:38.309 [INFO ] [restartedMain] [o.q.impl.StdSchedulerFactory  ] - [instantiate,1374] - Quartz scheduler 'quartzScheduler' initialized from an externally provided properties instance.
2024-03-20 17:42:38.309 [INFO ] [restartedMain] [o.q.impl.StdSchedulerFactory  ] - [instantiate,1378] - Quartz scheduler version: 2.3.2
2024-03-20 17:42:38.309 [INFO ] [restartedMain] [o.quartz.core.QuartzScheduler ] - [setJobFactory,2293] - JobFactory set to: org.springframework.scheduling.quartz.SpringBeanJobFactory@4da78360
2024-03-20 17:42:38.389 [INFO ] [restartedMain] [b.d.a.OptionalLiveReloadServer] - [startServer,59] - LiveReload server is running on port 35729
2024-03-20 17:42:38.412 [INFO ] [restartedMain] [o.a.c.http11.Http11NioProtocol] - [log,173] - Starting ProtocolHandler ["http-nio-8080"]
2024-03-20 17:42:38.424 [INFO ] [restartedMain] [o.s.b.w.e.t.TomcatWebServer   ] - [start,241] - Tomcat started on port 8080 (http) with context path ''
2024-03-20 17:42:38.425 [INFO ] [restartedMain] [o.quartz.core.QuartzScheduler ] - [start,547] - Scheduler quartzScheduler_$_NON_CLUSTERED started.
2024-03-20 17:42:38.436 [INFO ] [restartedMain] [com.cc.serve.ServeApplication ] - [logStarted,56] - Started ServeApplication in 1.705 seconds (process running for 2.01)
2024-03-20 17:42:38.437 [INFO ] [restartedMain] [com.cc.serve.ServeApplication ] - [main,15] - ******服务启动成功******
